#! /c/Source/iverilog-install/bin/vvp
:ivl_version "12.0 (devel)" "(s20150603-1539-g2693dd32b)";
:ivl_delay_selection "TYPICAL";
:vpi_time_precision - 11;
:vpi_module "C:\iverilog\lib\ivl\system.vpi";
:vpi_module "C:\iverilog\lib\ivl\vhdl_sys.vpi";
:vpi_module "C:\iverilog\lib\ivl\vhdl_textio.vpi";
:vpi_module "C:\iverilog\lib\ivl\v2005_math.vpi";
:vpi_module "C:\iverilog\lib\ivl\va_math.vpi";
S_00000265d08eb070 .scope module, "tb" "tb" 2 7;
 .timescale -9 -11;
v00000265d0983f20_0 .var "clock", 0 0;
v00000265d09832a0_0 .var "reset", 0 0;
E_00000265d0911620 .event negedge, v00000265d0918a50_0;
S_00000265d08eb200 .scope module, "uut" "top" 2 14, 3 1 0, S_00000265d08eb070;
 .timescale -9 -11;
    .port_info 0 /INPUT 1 "clk";
    .port_info 1 /INPUT 1 "reset";
v00000265d0982260_0 .net "clk", 0 0, v00000265d0983f20_0;  1 drivers
v00000265d0982e40_0 .net "dmem_addr", 31 0, L_00000265d095e830;  1 drivers
v00000265d0982a80_0 .net "dmem_rdata", 31 0, L_00000265d095e8a0;  1 drivers
v00000265d09824e0_0 .net "dmem_wdata", 31 0, L_00000265d095e440;  1 drivers
v00000265d0982300_0 .net "dmem_we", 0 0, L_00000265d090f300;  1 drivers
v00000265d0983520_0 .net "imem_addr", 31 0, v00000265d0980430_0;  1 drivers
v00000265d09828a0_0 .net "imem_data", 31 0, v00000265d0918eb0_0;  1 drivers
v00000265d0983d40_0 .net "reset", 0 0, v00000265d09832a0_0;  1 drivers
L_00000265d0982580 .part v00000265d0980430_0, 2, 6;
S_00000265d08e6a40 .scope module, "dmem_inst" "dmem" 3 29, 4 1 0, S_00000265d08eb200;
 .timescale 0 0;
    .port_info 0 /INPUT 1 "clk";
    .port_info 1 /INPUT 1 "we";
    .port_info 2 /INPUT 32 "addr";
    .port_info 3 /INPUT 32 "wdata";
    .port_info 4 /OUTPUT 32 "rdata";
L_00000265d095e8a0 .functor BUFZ 32, L_00000265d09e0490, C4<00000000000000000000000000000000>, C4<00000000000000000000000000000000>, C4<00000000000000000000000000000000>;
v00000265d0917e70_0 .net *"_ivl_0", 31 0, L_00000265d09e0490;  1 drivers
v00000265d0919090_0 .net "addr", 31 0, L_00000265d095e830;  alias, 1 drivers
v00000265d0918a50_0 .net "clk", 0 0, v00000265d0983f20_0;  alias, 1 drivers
v00000265d0919270 .array "memdata", 0 127, 31 0;
v00000265d0917970_0 .net "rdata", 31 0, L_00000265d095e8a0;  alias, 1 drivers
v00000265d0917ab0_0 .net "wdata", 31 0, L_00000265d095e440;  alias, 1 drivers
v00000265d0918e10_0 .net "we", 0 0, L_00000265d090f300;  alias, 1 drivers
E_00000265d0911ee0 .event posedge, v00000265d0918a50_0;
L_00000265d09e0490 .array/port v00000265d0919270, L_00000265d095e830;
S_00000265d08e6bd0 .scope module, "imem_inst" "imem" 3 13, 5 1 0, S_00000265d08eb200;
 .timescale 0 0;
    .port_info 0 /INPUT 6 "addr";
    .port_info 1 /OUTPUT 32 "data";
v00000265d0918af0_0 .net "addr", 5 0, L_00000265d0982580;  1 drivers
v00000265d0918eb0_0 .var "data", 31 0;
E_00000265d0911420 .event anyedge, v00000265d0918af0_0;
S_00000265d08e4260 .scope module, "mips_inst" "mips" 3 18, 6 1 0, S_00000265d08eb200;
 .timescale 0 0;
    .port_info 0 /INPUT 1 "clk";
    .port_info 1 /INPUT 1 "rst";
    .port_info 2 /INPUT 32 "imem_data";
    .port_info 3 /OUTPUT 32 "imem_addr";
    .port_info 4 /INPUT 32 "dmem_rdata";
    .port_info 5 /OUTPUT 1 "dmem_we";
    .port_info 6 /OUTPUT 32 "dmem_addr";
    .port_info 7 /OUTPUT 32 "dmem_wdata";
v00000265d0981830_0 .net "alu_src", 0 0, L_00000265d08f04c0;  1 drivers
v00000265d0981970_0 .net "alucontrol", 2 0, v00000265d0918c30_0;  1 drivers
v00000265d0983b60_0 .net "branch", 0 0, L_00000265d090eb90;  1 drivers
v00000265d0982080_0 .net "clk", 0 0, v00000265d0983f20_0;  alias, 1 drivers
v00000265d09823a0_0 .net "dmem_addr", 31 0, L_00000265d095e830;  alias, 1 drivers
v00000265d0983ca0_0 .net "dmem_rdata", 31 0, L_00000265d095e8a0;  alias, 1 drivers
v00000265d0982bc0_0 .net "dmem_wdata", 31 0, L_00000265d095e440;  alias, 1 drivers
v00000265d0982da0_0 .net "dmem_we", 0 0, L_00000265d090f300;  alias, 1 drivers
v00000265d0983c00_0 .net "imem_addr", 31 0, v00000265d0980430_0;  alias, 1 drivers
v00000265d09835c0_0 .net "imem_data", 31 0, v00000265d0918eb0_0;  alias, 1 drivers
v00000265d0982940_0 .net "jump", 0 0, L_00000265d090f220;  1 drivers
v00000265d09829e0_0 .net "mem_to_reg", 0 0, L_00000265d090e960;  1 drivers
v00000265d09830c0_0 .net "reg_dst", 0 0, L_00000265d090f530;  1 drivers
v00000265d0983160_0 .net "reg_write", 0 0, L_00000265d090e9d0;  1 drivers
v00000265d09821c0_0 .net "rst", 0 0, v00000265d09832a0_0;  alias, 1 drivers
S_00000265d08e43f0 .scope module, "controller_inst" "controller" 6 22, 7 1 0, S_00000265d08e4260;
 .timescale 0 0;
    .port_info 0 /INPUT 32 "instr";
    .port_info 1 /OUTPUT 1 "branch";
    .port_info 2 /OUTPUT 1 "jump";
    .port_info 3 /OUTPUT 1 "mem_to_reg";
    .port_info 4 /OUTPUT 1 "mem_write";
    .port_info 5 /OUTPUT 1 "reg_dst";
    .port_info 6 /OUTPUT 1 "reg_write";
    .port_info 7 /OUTPUT 3 "alucontrol";
    .port_info 8 /OUTPUT 1 "alu_src";
v00000265d095cc80_0 .net "alu_src", 0 0, L_00000265d08f04c0;  alias, 1 drivers
v00000265d095cd20_0 .net "alucontrol", 2 0, v00000265d0918c30_0;  alias, 1 drivers
v00000265d095cf00_0 .net "branch", 0 0, L_00000265d090eb90;  alias, 1 drivers
v00000265d095d220_0 .net "instr", 31 0, v00000265d0918eb0_0;  alias, 1 drivers
v00000265d095d0e0_0 .net "jump", 0 0, L_00000265d090f220;  alias, 1 drivers
v00000265d095dcc0_0 .net "mem_to_reg", 0 0, L_00000265d090e960;  alias, 1 drivers
v00000265d095d860_0 .net "mem_write", 0 0, L_00000265d090f300;  alias, 1 drivers
v00000265d095d040_0 .net "reg_dst", 0 0, L_00000265d090f530;  alias, 1 drivers
v00000265d095bf60_0 .net "reg_write", 0 0, L_00000265d090e9d0;  alias, 1 drivers
S_00000265d08dc1a0 .scope module, "aludec_inst" "aludec" 7 26, 8 1 0, S_00000265d08e43f0;
 .timescale 0 0;
    .port_info 0 /INPUT 32 "instr";
    .port_info 1 /OUTPUT 3 "alucontrol";
v00000265d0918c30_0 .var "alucontrol", 2 0;
v00000265d09185f0_0 .net "instr", 31 0, v00000265d0918eb0_0;  alias, 1 drivers
E_00000265d0911fa0 .event anyedge, v00000265d0918eb0_0;
S_00000265d08dc330 .scope module, "maindec_inst" "maindec" 7 15, 9 1 0, S_00000265d08e43f0;
 .timescale 0 0;
    .port_info 0 /INPUT 32 "instr";
    .port_info 1 /OUTPUT 1 "branch";
    .port_info 2 /OUTPUT 1 "jump";
    .port_info 3 /OUTPUT 1 "mem_to_reg";
    .port_info 4 /OUTPUT 1 "mem_write";
    .port_info 5 /OUTPUT 1 "reg_dst";
    .port_info 6 /OUTPUT 1 "reg_write";
    .port_info 7 /OUTPUT 1 "alu_src";
L_00000265d090f140 .functor AND 1, L_00000265d0982620, L_00000265d0983700, C4<1>, C4<1>;
L_00000265d090eb20 .functor AND 1, L_00000265d0982120, L_00000265d09838e0, C4<1>, C4<1>;
L_00000265d090f840 .functor AND 1, L_00000265d0983340, L_00000265d0983a20, C4<1>, C4<1>;
L_00000265d090eff0 .functor AND 1, L_00000265d0983e80, L_00000265d09837a0, C4<1>, C4<1>;
L_00000265d090f1b0 .functor AND 1, L_00000265d0983840, L_00000265d0982440, C4<1>, C4<1>;
L_00000265d090eb90 .functor BUFZ 1, L_00000265d0982760, C4<0>, C4<0>, C4<0>;
L_00000265d090f220 .functor BUFZ 1, L_00000265d0983980, C4<0>, C4<0>, C4<0>;
L_00000265d090e960 .functor BUFZ 1, L_00000265d0983ac0, C4<0>, C4<0>, C4<0>;
L_00000265d090f300 .functor BUFZ 1, L_00000265d09826c0, C4<0>, C4<0>, C4<0>;
L_00000265d090f760 .functor OR 1, L_00000265d090f140, L_00000265d090eb20, C4<0>, C4<0>;
L_00000265d090f370 .functor OR 1, L_00000265d090f760, L_00000265d090f840, C4<0>, C4<0>;
L_00000265d090f450 .functor OR 1, L_00000265d090f370, L_00000265d090eff0, C4<0>, C4<0>;
L_00000265d090f530 .functor OR 1, L_00000265d090f450, L_00000265d090f1b0, C4<0>, C4<0>;
L_00000265d090f5a0 .functor OR 1, L_00000265d090f140, L_00000265d090eb20, C4<0>, C4<0>;
L_00000265d090f680 .functor OR 1, L_00000265d090f5a0, L_00000265d090f840, C4<0>, C4<0>;
L_00000265d090ee30 .functor OR 1, L_00000265d090f680, L_00000265d090eff0, C4<0>, C4<0>;
L_00000265d090f6f0 .functor OR 1, L_00000265d090ee30, L_00000265d090f1b0, C4<0>, C4<0>;
L_00000265d090f7d0 .functor OR 1, L_00000265d090f6f0, L_00000265d09833e0, C4<0>, C4<0>;
L_00000265d090e9d0 .functor OR 1, L_00000265d090f7d0, L_00000265d0983ac0, C4<0>, C4<0>;
L_00000265d090ea40 .functor OR 1, L_00000265d09833e0, L_00000265d0983ac0, C4<0>, C4<0>;
L_00000265d08f04c0 .functor OR 1, L_00000265d090ea40, L_00000265d09826c0, C4<0>, C4<0>;
v00000265d0918370_0 .net *"_ivl_10", 0 0, L_00000265d0983700;  1 drivers
v00000265d0918d70_0 .net *"_ivl_102", 0 0, L_00000265d090ea40;  1 drivers
L_00000265d09840d8 .functor BUFT 1, C4<000000>, C4<0>, C4<0>, C4<0>;
v00000265d0917f10_0 .net/2u *"_ivl_14", 5 0, L_00000265d09840d8;  1 drivers
v00000265d09193b0_0 .net *"_ivl_16", 0 0, L_00000265d0982120;  1 drivers
L_00000265d0984120 .functor BUFT 1, C4<100010>, C4<0>, C4<0>, C4<0>;
v00000265d0918910_0 .net/2u *"_ivl_18", 5 0, L_00000265d0984120;  1 drivers
v00000265d0917fb0_0 .net *"_ivl_20", 0 0, L_00000265d09838e0;  1 drivers
L_00000265d0984168 .functor BUFT 1, C4<000000>, C4<0>, C4<0>, C4<0>;
v00000265d0918050_0 .net/2u *"_ivl_24", 5 0, L_00000265d0984168;  1 drivers
v00000265d0918cd0_0 .net *"_ivl_26", 0 0, L_00000265d0983340;  1 drivers
L_00000265d09841b0 .functor BUFT 1, C4<100100>, C4<0>, C4<0>, C4<0>;
v00000265d0918550_0 .net/2u *"_ivl_28", 5 0, L_00000265d09841b0;  1 drivers
v00000265d0919130_0 .net *"_ivl_30", 0 0, L_00000265d0983a20;  1 drivers
L_00000265d09841f8 .functor BUFT 1, C4<000000>, C4<0>, C4<0>, C4<0>;
v00000265d09191d0_0 .net/2u *"_ivl_34", 5 0, L_00000265d09841f8;  1 drivers
v00000265d0917bf0_0 .net *"_ivl_36", 0 0, L_00000265d0983e80;  1 drivers
L_00000265d0984240 .functor BUFT 1, C4<100101>, C4<0>, C4<0>, C4<0>;
v00000265d0919450_0 .net/2u *"_ivl_38", 5 0, L_00000265d0984240;  1 drivers
L_00000265d0984048 .functor BUFT 1, C4<000000>, C4<0>, C4<0>, C4<0>;
v00000265d09180f0_0 .net/2u *"_ivl_4", 5 0, L_00000265d0984048;  1 drivers
v00000265d0918730_0 .net *"_ivl_40", 0 0, L_00000265d09837a0;  1 drivers
L_00000265d0984288 .functor BUFT 1, C4<000000>, C4<0>, C4<0>, C4<0>;
v00000265d09175b0_0 .net/2u *"_ivl_44", 5 0, L_00000265d0984288;  1 drivers
v00000265d09178d0_0 .net *"_ivl_46", 0 0, L_00000265d0983840;  1 drivers
L_00000265d09842d0 .functor BUFT 1, C4<101010>, C4<0>, C4<0>, C4<0>;
v00000265d0917650_0 .net/2u *"_ivl_48", 5 0, L_00000265d09842d0;  1 drivers
v00000265d0918410_0 .net *"_ivl_50", 0 0, L_00000265d0982440;  1 drivers
L_00000265d0984318 .functor BUFT 1, C4<100011>, C4<0>, C4<0>, C4<0>;
v00000265d09187d0_0 .net/2u *"_ivl_54", 5 0, L_00000265d0984318;  1 drivers
L_00000265d0984360 .functor BUFT 1, C4<101011>, C4<0>, C4<0>, C4<0>;
v00000265d09176f0_0 .net/2u *"_ivl_58", 5 0, L_00000265d0984360;  1 drivers
v00000265d0917790_0 .net *"_ivl_6", 0 0, L_00000265d0982620;  1 drivers
L_00000265d09843a8 .functor BUFT 1, C4<000100>, C4<0>, C4<0>, C4<0>;
v00000265d0918230_0 .net/2u *"_ivl_62", 5 0, L_00000265d09843a8;  1 drivers
L_00000265d09843f0 .functor BUFT 1, C4<001000>, C4<0>, C4<0>, C4<0>;
v00000265d0906ce0_0 .net/2u *"_ivl_66", 5 0, L_00000265d09843f0;  1 drivers
L_00000265d0984438 .functor BUFT 1, C4<000010>, C4<0>, C4<0>, C4<0>;
v00000265d095ca00_0 .net/2u *"_ivl_70", 5 0, L_00000265d0984438;  1 drivers
L_00000265d0984090 .functor BUFT 1, C4<100000>, C4<0>, C4<0>, C4<0>;
v00000265d095de00_0 .net/2u *"_ivl_8", 5 0, L_00000265d0984090;  1 drivers
v00000265d095c6e0_0 .net *"_ivl_82", 0 0, L_00000265d090f760;  1 drivers
v00000265d095d2c0_0 .net *"_ivl_84", 0 0, L_00000265d090f370;  1 drivers
v00000265d095d360_0 .net *"_ivl_86", 0 0, L_00000265d090f450;  1 drivers
v00000265d095d9a0_0 .net *"_ivl_90", 0 0, L_00000265d090f5a0;  1 drivers
v00000265d095d4a0_0 .net *"_ivl_92", 0 0, L_00000265d090f680;  1 drivers
v00000265d095c780_0 .net *"_ivl_94", 0 0, L_00000265d090ee30;  1 drivers
v00000265d095caa0_0 .net *"_ivl_96", 0 0, L_00000265d090f6f0;  1 drivers
v00000265d095c820_0 .net *"_ivl_98", 0 0, L_00000265d090f7d0;  1 drivers
v00000265d095ce60_0 .net "alu_src", 0 0, L_00000265d08f04c0;  alias, 1 drivers
v00000265d095d400_0 .net "branch", 0 0, L_00000265d090eb90;  alias, 1 drivers
v00000265d095d900_0 .net "func", 5 0, L_00000265d0983de0;  1 drivers
v00000265d095c640_0 .net "instr", 31 0, v00000265d0918eb0_0;  alias, 1 drivers
v00000265d095d680_0 .net "is_add", 0 0, L_00000265d090f140;  1 drivers
v00000265d095c3c0_0 .net "is_addi", 0 0, L_00000265d09833e0;  1 drivers
v00000265d095c8c0_0 .net "is_and", 0 0, L_00000265d090f840;  1 drivers
v00000265d095dc20_0 .net "is_beq", 0 0, L_00000265d0982760;  1 drivers
v00000265d095dd60_0 .net "is_j", 0 0, L_00000265d0983980;  1 drivers
v00000265d095c5a0_0 .net "is_lw", 0 0, L_00000265d0983ac0;  1 drivers
v00000265d095da40_0 .net "is_or", 0 0, L_00000265d090eff0;  1 drivers
v00000265d095cdc0_0 .net "is_slt", 0 0, L_00000265d090f1b0;  1 drivers
v00000265d095cfa0_0 .net "is_sub", 0 0, L_00000265d090eb20;  1 drivers
v00000265d095c960_0 .net "is_sw", 0 0, L_00000265d09826c0;  1 drivers
v00000265d095cb40_0 .net "jump", 0 0, L_00000265d090f220;  alias, 1 drivers
v00000265d095d540_0 .net "mem_to_reg", 0 0, L_00000265d090e960;  alias, 1 drivers
v00000265d095d7c0_0 .net "mem_write", 0 0, L_00000265d090f300;  alias, 1 drivers
v00000265d095cbe0_0 .net "opcode", 5 0, L_00000265d0983660;  1 drivers
v00000265d095d5e0_0 .net "reg_dst", 0 0, L_00000265d090f530;  alias, 1 drivers
v00000265d095d720_0 .net "reg_write", 0 0, L_00000265d090e9d0;  alias, 1 drivers
L_00000265d0983660 .part v00000265d0918eb0_0, 26, 6;
L_00000265d0983de0 .part v00000265d0918eb0_0, 0, 6;
L_00000265d0982620 .cmp/eq 6, L_00000265d0983660, L_00000265d0984048;
L_00000265d0983700 .cmp/eq 6, L_00000265d0983de0, L_00000265d0984090;
L_00000265d0982120 .cmp/eq 6, L_00000265d0983660, L_00000265d09840d8;
L_00000265d09838e0 .cmp/eq 6, L_00000265d0983de0, L_00000265d0984120;
L_00000265d0983340 .cmp/eq 6, L_00000265d0983660, L_00000265d0984168;
L_00000265d0983a20 .cmp/eq 6, L_00000265d0983de0, L_00000265d09841b0;
L_00000265d0983e80 .cmp/eq 6, L_00000265d0983660, L_00000265d09841f8;
L_00000265d09837a0 .cmp/eq 6, L_00000265d0983de0, L_00000265d0984240;
L_00000265d0983840 .cmp/eq 6, L_00000265d0983660, L_00000265d0984288;
L_00000265d0982440 .cmp/eq 6, L_00000265d0983de0, L_00000265d09842d0;
L_00000265d0983ac0 .cmp/eq 6, L_00000265d0983660, L_00000265d0984318;
L_00000265d09826c0 .cmp/eq 6, L_00000265d0983660, L_00000265d0984360;
L_00000265d0982760 .cmp/eq 6, L_00000265d0983660, L_00000265d09843a8;
L_00000265d09833e0 .cmp/eq 6, L_00000265d0983660, L_00000265d09843f0;
L_00000265d0983980 .cmp/eq 6, L_00000265d0983660, L_00000265d0984438;
S_00000265d08d97e0 .scope module, "datapath_inst" "datapath" 6 34, 10 1 0, S_00000265d08e4260;
 .timescale 0 0;
    .port_info 0 /INPUT 1 "clk";
    .port_info 1 /INPUT 1 "rst";
    .port_info 2 /INPUT 3 "alucontrol";
    .port_info 3 /INPUT 1 "alu_src";
    .port_info 4 /INPUT 1 "branch";
    .port_info 5 /INPUT 1 "jump";
    .port_info 6 /INPUT 1 "mem_to_reg";
    .port_info 7 /INPUT 1 "mem_write";
    .port_info 8 /INPUT 1 "reg_dst";
    .port_info 9 /INPUT 1 "reg_write";
    .port_info 10 /INPUT 32 "instr";
    .port_info 11 /OUTPUT 32 "pc";
    .port_info 12 /INPUT 32 "read_data";
    .port_info 13 /OUTPUT 32 "alu_result";
    .port_info 14 /OUTPUT 32 "write_data";
L_00000265d095e130 .functor AND 1, L_00000265d090eb90, L_00000265d09e1ed0, C4<1>, C4<1>;
L_00000265d095ec90 .functor BUFZ 32, v00000265d097f460_0, C4<00000000000000000000000000000000>, C4<00000000000000000000000000000000>, C4<00000000000000000000000000000000>;
L_00000265d095e830 .functor BUFZ 32, L_00000265d09e1250, C4<00000000000000000000000000000000>, C4<00000000000000000000000000000000>, C4<00000000000000000000000000000000>;
L_00000265d095e440 .functor BUFZ 32, v00000265d097ec40_0, C4<00000000000000000000000000000000>, C4<00000000000000000000000000000000>, C4<00000000000000000000000000000000>;
L_00000265d0984480 .functor BUFT 1, C4<00000000000000000000000000000100>, C4<0>, C4<0>, C4<0>;
v00000265d09804d0_0 .net/2u *"_ivl_0", 31 0, L_00000265d0984480;  1 drivers
v00000265d0980bb0_0 .net *"_ivl_15", 29 0, L_00000265d0982ee0;  1 drivers
L_00000265d0984510 .functor BUFT 1, C4<00>, C4<0>, C4<0>, C4<0>;
v00000265d0981a10_0 .net/2u *"_ivl_16", 1 0, L_00000265d0984510;  1 drivers
v00000265d0981c90_0 .net *"_ivl_18", 31 0, L_00000265d0983020;  1 drivers
v00000265d0981e70_0 .net *"_ivl_22", 31 0, L_00000265d0983480;  1 drivers
v00000265d0981dd0_0 .net *"_ivl_27", 4 0, L_00000265d09e17f0;  1 drivers
L_00000265d0984558 .functor BUFT 1, C4<0>, C4<0>, C4<0>, C4<0>;
v00000265d0980c50_0 .net *"_ivl_31", 0 0, L_00000265d0984558;  1 drivers
v00000265d0981d30_0 .net *"_ivl_33", 4 0, L_00000265d09e1570;  1 drivers
L_00000265d09845a0 .functor BUFT 1, C4<0>, C4<0>, C4<0>, C4<0>;
v00000265d09811f0_0 .net *"_ivl_37", 0 0, L_00000265d09845a0;  1 drivers
v00000265d0980750_0 .net *"_ivl_38", 5 0, L_00000265d09e0170;  1 drivers
v00000265d0981330_0 .net *"_ivl_5", 3 0, L_00000265d0982b20;  1 drivers
v00000265d0981790_0 .net *"_ivl_7", 25 0, L_00000265d0982c60;  1 drivers
L_00000265d09844c8 .functor BUFT 1, C4<00>, C4<0>, C4<0>, C4<0>;
v00000265d0981ab0_0 .net/2u *"_ivl_8", 1 0, L_00000265d09844c8;  1 drivers
v00000265d0981470_0 .net "alu_out", 31 0, L_00000265d09e1250;  1 drivers
v00000265d0980890_0 .net "alu_result", 31 0, L_00000265d095e830;  alias, 1 drivers
v00000265d0981010_0 .net "alu_src", 0 0, L_00000265d08f04c0;  alias, 1 drivers
v00000265d0980110_0 .net "alucontrol", 2 0, v00000265d0918c30_0;  alias, 1 drivers
v00000265d09801b0_0 .net "branch", 0 0, L_00000265d090eb90;  alias, 1 drivers
v00000265d09813d0_0 .net "c_out", 0 0, L_00000265d09e0530;  1 drivers
v00000265d0981290_0 .net "clk", 0 0, v00000265d0983f20_0;  alias, 1 drivers
v00000265d0981510_0 .net "imm_ext", 31 0, v00000265d09816f0_0;  1 drivers
v00000265d0980250_0 .net "instr", 31 0, v00000265d0918eb0_0;  alias, 1 drivers
v00000265d0980570_0 .net "jump", 0 0, L_00000265d090f220;  alias, 1 drivers
v00000265d0980930_0 .net "mem_to_reg", 0 0, L_00000265d090e960;  alias, 1 drivers
v00000265d09818d0_0 .net "mem_write", 0 0, L_00000265d090f300;  alias, 1 drivers
v00000265d0980430_0 .var "pc", 31 0;
v00000265d0981f10_0 .net "pc_branch", 31 0, L_00000265d0982f80;  1 drivers
v00000265d0980cf0_0 .net "pc_jump", 31 0, L_00000265d0982d00;  1 drivers
v00000265d0981b50_0 .net "pc_next", 31 0, L_00000265d0983200;  1 drivers
v00000265d09815b0_0 .net "pc_plus_4", 31 0, L_00000265d0982800;  1 drivers
v00000265d0980610_0 .net "pc_src", 0 0, L_00000265d095e130;  1 drivers
v00000265d0981bf0_0 .net "rd", 5 0, L_00000265d09e1610;  1 drivers
v00000265d0980070_0 .net "read_data", 31 0, L_00000265d095e8a0;  alias, 1 drivers
v00000265d0980d90_0 .net "reg_data1", 31 0, v00000265d097f460_0;  1 drivers
v00000265d09806b0_0 .net "reg_data2", 31 0, v00000265d097ec40_0;  1 drivers
v00000265d0980390_0 .net "reg_dst", 0 0, L_00000265d090f530;  alias, 1 drivers
v00000265d09809d0_0 .net "reg_write", 0 0, L_00000265d090e9d0;  alias, 1 drivers
v00000265d09807f0_0 .net "result", 31 0, L_00000265d09e16b0;  1 drivers
v00000265d09802f0_0 .net "rst", 0 0, v00000265d09832a0_0;  alias, 1 drivers
v00000265d0980a70_0 .net "rt", 5 0, L_00000265d09e12f0;  1 drivers
v00000265d0980b10_0 .net "src_a", 31 0, L_00000265d095ec90;  1 drivers
v00000265d0981650_0 .net "src_b", 31 0, L_00000265d09e0e90;  1 drivers
v00000265d0980e30_0 .net "write_data", 31 0, L_00000265d095e440;  alias, 1 drivers
v00000265d0980ed0_0 .net "write_reg", 4 0, L_00000265d09e1930;  1 drivers
v00000265d0980f70_0 .net "zero", 0 0, L_00000265d09e1ed0;  1 drivers
L_00000265d0982800 .arith/sum 32, v00000265d0980430_0, L_00000265d0984480;
L_00000265d0982b20 .part L_00000265d0982800, 28, 4;
L_00000265d0982c60 .part v00000265d0918eb0_0, 0, 26;
L_00000265d0982d00 .concat [ 2 26 4 0], L_00000265d09844c8, L_00000265d0982c60, L_00000265d0982b20;
L_00000265d0982ee0 .part v00000265d09816f0_0, 0, 30;
L_00000265d0983020 .concat [ 2 30 0 0], L_00000265d0984510, L_00000265d0982ee0;
L_00000265d0982f80 .arith/sum 32, L_00000265d0982800, L_00000265d0983020;
L_00000265d0983480 .functor MUXZ 32, L_00000265d0982800, L_00000265d0982f80, L_00000265d095e130, C4<>;
L_00000265d0983200 .functor MUXZ 32, L_00000265d0983480, L_00000265d0982d00, L_00000265d090f220, C4<>;
L_00000265d09e17f0 .part v00000265d0918eb0_0, 16, 5;
L_00000265d09e12f0 .concat [ 5 1 0 0], L_00000265d09e17f0, L_00000265d0984558;
L_00000265d09e1570 .part v00000265d0918eb0_0, 11, 5;
L_00000265d09e1610 .concat [ 5 1 0 0], L_00000265d09e1570, L_00000265d09845a0;
L_00000265d09e0170 .functor MUXZ 6, L_00000265d09e12f0, L_00000265d09e1610, L_00000265d090f530, C4<>;
L_00000265d09e1930 .part L_00000265d09e0170, 0, 5;
L_00000265d09e16b0 .functor MUXZ 32, L_00000265d095e830, L_00000265d095e8a0, L_00000265d090e960, C4<>;
L_00000265d09e07b0 .part v00000265d0918eb0_0, 21, 5;
L_00000265d09e19d0 .part v00000265d0918eb0_0, 16, 5;
L_00000265d09e0e90 .functor MUXZ 32, v00000265d097ec40_0, v00000265d09816f0_0, L_00000265d08f04c0, C4<>;
L_00000265d09e0350 .part v00000265d0918eb0_0, 0, 16;
S_00000265d08cf0e0 .scope module, "alu_inst" "alu" 10 79, 11 1 0, S_00000265d08d97e0;
 .timescale 0 0;
    .port_info 0 /INPUT 32 "a_in";
    .port_info 1 /INPUT 32 "b_in";
    .port_info 2 /INPUT 3 "f_in";
    .port_info 3 /OUTPUT 1 "zero";
    .port_info 4 /OUTPUT 1 "c_out";
    .port_info 5 /OUTPUT 32 "y_out";
L_00000265d095e3d0 .functor NOT 32, L_00000265d09e0e90, C4<00000000000000000000000000000000>, C4<00000000000000000000000000000000>, C4<00000000000000000000000000000000>;
L_00000265d0984678 .functor BUFT 1, C4<0>, C4<0>, C4<0>, C4<0>;
L_00000265d095e1a0 .functor XNOR 1, L_00000265d0984678, L_00000265d09e0210, C4<0>, C4<0>;
L_00000265d095ead0 .functor AND 32, L_00000265d095ec90, L_00000265d09e02b0, C4<11111111111111111111111111111111>, C4<11111111111111111111111111111111>;
L_00000265d095ec20 .functor OR 32, L_00000265d095ec90, L_00000265d09e02b0, C4<00000000000000000000000000000000>, C4<00000000000000000000000000000000>;
L_00000265d095ea60 .functor XNOR 1, L_00000265d09e1890, L_00000265d09e0c10, C4<0>, C4<0>;
L_00000265d095eb40 .functor XOR 1, L_00000265d09e1070, L_00000265d09e0850, C4<0>, C4<0>;
L_00000265d095e7c0 .functor AND 1, L_00000265d095ea60, L_00000265d095eb40, C4<1>, C4<1>;
L_00000265d095e0c0 .functor NOT 1, L_00000265d09e1430, C4<0>, C4<0>, C4<0>;
v00000265d095dae0_0 .net *"_ivl_17", 32 0, L_00000265d09e1110;  1 drivers
v00000265d095d180_0 .net/2u *"_ivl_2", 0 0, L_00000265d0984678;  1 drivers
L_00000265d09846c0 .functor BUFT 1, C4<0>, C4<0>, C4<0>, C4<0>;
v00000265d095c0a0_0 .net *"_ivl_20", 0 0, L_00000265d09846c0;  1 drivers
v00000265d095db80_0 .net *"_ivl_21", 32 0, L_00000265d09e1cf0;  1 drivers
L_00000265d0984708 .functor BUFT 1, C4<0>, C4<0>, C4<0>, C4<0>;
v00000265d095c000_0 .net *"_ivl_24", 0 0, L_00000265d0984708;  1 drivers
v00000265d095c1e0_0 .net *"_ivl_25", 32 0, L_00000265d09e1d90;  1 drivers
v00000265d095c140_0 .net *"_ivl_28", 0 0, L_00000265d09e1390;  1 drivers
v00000265d095c280_0 .net *"_ivl_29", 32 0, L_00000265d09e1c50;  1 drivers
L_00000265d0984750 .functor BUFT 1, C4<00000000000000000000000000000000>, C4<0>, C4<0>, C4<0>;
v00000265d095c320_0 .net *"_ivl_32", 31 0, L_00000265d0984750;  1 drivers
v00000265d095c460_0 .net *"_ivl_33", 32 0, L_00000265d09e0b70;  1 drivers
L_00000265d0984798 .functor BUFT 1, C4<0000000000000000000000000000000>, C4<0>, C4<0>, C4<0>;
v00000265d095c500_0 .net/2u *"_ivl_35", 30 0, L_00000265d0984798;  1 drivers
v00000265d097e600_0 .net *"_ivl_38", 0 0, L_00000265d09e1890;  1 drivers
v00000265d097fe60_0 .net *"_ivl_40", 0 0, L_00000265d09e0c10;  1 drivers
v00000265d097fa00_0 .net *"_ivl_41", 0 0, L_00000265d095ea60;  1 drivers
v00000265d097ece0_0 .net *"_ivl_44", 0 0, L_00000265d09e1070;  1 drivers
v00000265d097ea60_0 .net *"_ivl_46", 0 0, L_00000265d09e0850;  1 drivers
v00000265d097fd20_0 .net *"_ivl_47", 0 0, L_00000265d095eb40;  1 drivers
v00000265d097f280_0 .net *"_ivl_5", 0 0, L_00000265d09e0210;  1 drivers
v00000265d097e6a0_0 .net *"_ivl_50", 0 0, L_00000265d095e7c0;  1 drivers
v00000265d097f8c0_0 .net *"_ivl_52", 0 0, L_00000265d09e1430;  1 drivers
v00000265d097f0a0_0 .net *"_ivl_53", 0 0, L_00000265d095e0c0;  1 drivers
v00000265d097e060_0 .net *"_ivl_56", 0 0, L_00000265d09e1e30;  1 drivers
v00000265d097f000_0 .net *"_ivl_57", 0 0, L_00000265d09e08f0;  1 drivers
v00000265d097e2e0_0 .net *"_ivl_6", 0 0, L_00000265d095e1a0;  1 drivers
L_00000265d09847e0 .functor BUFT 1, C4<00>, C4<0>, C4<0>, C4<0>;
v00000265d097e1a0_0 .net/2u *"_ivl_63", 1 0, L_00000265d09847e0;  1 drivers
v00000265d097ff00_0 .net *"_ivl_66", 1 0, L_00000265d09e1a70;  1 drivers
v00000265d097fb40_0 .net *"_ivl_67", 0 0, L_00000265d09e0d50;  1 drivers
L_00000265d0984828 .functor BUFT 1, C4<01>, C4<0>, C4<0>, C4<0>;
v00000265d097f5a0_0 .net/2u *"_ivl_69", 1 0, L_00000265d0984828;  1 drivers
v00000265d097f320_0 .net *"_ivl_72", 1 0, L_00000265d09e0a30;  1 drivers
v00000265d097fdc0_0 .net *"_ivl_73", 0 0, L_00000265d09e0df0;  1 drivers
L_00000265d0984870 .functor BUFT 1, C4<10>, C4<0>, C4<0>, C4<0>;
v00000265d097e880_0 .net/2u *"_ivl_75", 1 0, L_00000265d0984870;  1 drivers
v00000265d097f500_0 .net *"_ivl_78", 1 0, L_00000265d09e0fd0;  1 drivers
v00000265d097eb00_0 .net *"_ivl_79", 0 0, L_00000265d09e1f70;  1 drivers
v00000265d097f640_0 .net *"_ivl_81", 31 0, L_00000265d09e0710;  1 drivers
v00000265d097f6e0_0 .net *"_ivl_83", 31 0, L_00000265d09e11b0;  1 drivers
v00000265d097f960_0 .net "a_in", 31 0, L_00000265d095ec90;  alias, 1 drivers
v00000265d097faa0_0 .net "b_in", 31 0, L_00000265d09e0e90;  alias, 1 drivers
v00000265d097e9c0_0 .net "b_mux_not_b", 31 0, L_00000265d09e02b0;  1 drivers
v00000265d097e920_0 .net "c_out", 0 0, L_00000265d09e0530;  alias, 1 drivers
v00000265d097f140_0 .net "f_in", 2 0, v00000265d0918c30_0;  alias, 1 drivers
v00000265d097e380_0 .net "fx00", 31 0, L_00000265d095ead0;  1 drivers
v00000265d097f780_0 .net "fx01", 31 0, L_00000265d095ec20;  1 drivers
v00000265d097f820_0 .net "fx10", 31 0, L_00000265d09e0f30;  1 drivers
v00000265d097e100_0 .net "fx11", 31 0, L_00000265d09e0cb0;  1 drivers
v00000265d097eec0_0 .net "not_b_in", 31 0, L_00000265d095e3d0;  1 drivers
v00000265d097fbe0_0 .net "y_out", 31 0, L_00000265d09e1250;  alias, 1 drivers
v00000265d097e240_0 .net "zero", 0 0, L_00000265d09e1ed0;  alias, 1 drivers
L_00000265d09e0210 .part v00000265d0918c30_0, 2, 1;
L_00000265d09e02b0 .functor MUXZ 32, L_00000265d095e3d0, L_00000265d09e0e90, L_00000265d095e1a0, C4<>;
L_00000265d09e0530 .part L_00000265d09e0b70, 32, 1;
L_00000265d09e0f30 .part L_00000265d09e0b70, 0, 32;
L_00000265d09e1110 .concat [ 32 1 0 0], L_00000265d095ec90, L_00000265d09846c0;
L_00000265d09e1cf0 .concat [ 32 1 0 0], L_00000265d09e02b0, L_00000265d0984708;
L_00000265d09e1d90 .arith/sum 33, L_00000265d09e1110, L_00000265d09e1cf0;
L_00000265d09e1390 .part v00000265d0918c30_0, 2, 1;
L_00000265d09e1c50 .concat [ 1 32 0 0], L_00000265d09e1390, L_00000265d0984750;
L_00000265d09e0b70 .arith/sum 33, L_00000265d09e1d90, L_00000265d09e1c50;
L_00000265d09e1890 .part L_00000265d095ec90, 31, 1;
L_00000265d09e0c10 .part L_00000265d095e3d0, 31, 1;
L_00000265d09e1070 .part L_00000265d09e0f30, 31, 1;
L_00000265d09e0850 .part L_00000265d095ec90, 31, 1;
L_00000265d09e1430 .part L_00000265d09e0f30, 31, 1;
L_00000265d09e1e30 .part L_00000265d09e0f30, 31, 1;
L_00000265d09e08f0 .functor MUXZ 1, L_00000265d09e1e30, L_00000265d095e0c0, L_00000265d095e7c0, C4<>;
L_00000265d09e0cb0 .concat [ 1 31 0 0], L_00000265d09e08f0, L_00000265d0984798;
L_00000265d09e1ed0 .reduce/nor L_00000265d09e1250;
L_00000265d09e1a70 .part v00000265d0918c30_0, 0, 2;
L_00000265d09e0d50 .cmp/eq 2, L_00000265d09847e0, L_00000265d09e1a70;
L_00000265d09e0a30 .part v00000265d0918c30_0, 0, 2;
L_00000265d09e0df0 .cmp/eq 2, L_00000265d0984828, L_00000265d09e0a30;
L_00000265d09e0fd0 .part v00000265d0918c30_0, 0, 2;
L_00000265d09e1f70 .cmp/eq 2, L_00000265d0984870, L_00000265d09e0fd0;
L_00000265d09e0710 .functor MUXZ 32, L_00000265d09e0cb0, L_00000265d09e0f30, L_00000265d09e1f70, C4<>;
L_00000265d09e11b0 .functor MUXZ 32, L_00000265d09e0710, L_00000265d095ec20, L_00000265d09e0df0, C4<>;
L_00000265d09e1250 .functor MUXZ 32, L_00000265d09e11b0, L_00000265d095ead0, L_00000265d09e0d50, C4<>;
S_00000265d08bde70 .scope begin, "proc_pc" "proc_pc" 10 37, 10 37 0, S_00000265d08d97e0;
 .timescale 0 0;
S_00000265d08be000 .scope module, "regfile_inst" "regfile" 10 60, 12 1 0, S_00000265d08d97e0;
 .timescale 0 0;
    .port_info 0 /INPUT 1 "clk";
    .port_info 1 /INPUT 5 "addr1";
    .port_info 2 /INPUT 5 "addr2";
    .port_info 3 /OUTPUT 32 "data1";
    .port_info 4 /OUTPUT 32 "data2";
    .port_info 5 /INPUT 1 "rw";
    .port_info 6 /INPUT 5 "addr3";
    .port_info 7 /INPUT 32 "wdata";
v00000265d097ed80_0 .net *"_ivl_11", 31 0, L_00000265d09e1750;  1 drivers
v00000265d097eba0_0 .net *"_ivl_13", 6 0, L_00000265d09e00d0;  1 drivers
L_00000265d0984630 .functor BUFT 1, C4<00>, C4<0>, C4<0>, C4<0>;
v00000265d097fc80_0 .net *"_ivl_16", 1 0, L_00000265d0984630;  1 drivers
v00000265d097e740_0 .net *"_ivl_2", 31 0, L_00000265d09e0990;  1 drivers
v00000265d097e420_0 .net *"_ivl_4", 6 0, L_00000265d09e0ad0;  1 drivers
L_00000265d09845e8 .functor BUFT 1, C4<00>, C4<0>, C4<0>, C4<0>;
v00000265d097ee20_0 .net *"_ivl_7", 1 0, L_00000265d09845e8;  1 drivers
v00000265d097f1e0_0 .net "addr1", 4 0, L_00000265d09e07b0;  1 drivers
v00000265d097ef60_0 .net "addr2", 4 0, L_00000265d09e19d0;  1 drivers
v00000265d097f3c0_0 .net "addr3", 4 0, L_00000265d09e1930;  alias, 1 drivers
v00000265d097e4c0_0 .net "clk", 0 0, v00000265d0983f20_0;  alias, 1 drivers
v00000265d097f460_0 .var "data1", 31 0;
v00000265d097ec40_0 .var "data2", 31 0;
v00000265d097e560 .array "regmem", 0 31, 31 0;
v00000265d097e7e0_0 .net "rw", 0 0, L_00000265d090e9d0;  alias, 1 drivers
v00000265d09810b0_0 .net "wdata", 31 0, L_00000265d09e16b0;  alias, 1 drivers
E_00000265d0911220 .event anyedge, L_00000265d09e1750, v00000265d097ef60_0;
E_00000265d0911260 .event anyedge, L_00000265d09e0990, v00000265d097f1e0_0;
L_00000265d09e0990 .array/port v00000265d097e560, L_00000265d09e0ad0;
L_00000265d09e0ad0 .concat [ 5 2 0 0], L_00000265d09e07b0, L_00000265d09845e8;
L_00000265d09e1750 .array/port v00000265d097e560, L_00000265d09e00d0;
L_00000265d09e00d0 .concat [ 5 2 0 0], L_00000265d09e19d0, L_00000265d0984630;
S_00000265d08aee80 .scope module, "sign_extend_inst" "sign_extend" 10 90, 13 1 0, S_00000265d08d97e0;
 .timescale 0 0;
    .port_info 0 /INPUT 16 "idata";
    .port_info 1 /OUTPUT 32 "odata";
v00000265d0981150_0 .net "idata", 15 0, L_00000265d09e0350;  1 drivers
v00000265d09816f0_0 .var "odata", 31 0;
E_00000265d0912ce0 .event anyedge, v00000265d0981150_0;
S_00000265d08af010 .scope begin, "proc_sign_extend" "proc_sign_extend" 13 8, 13 8 0, S_00000265d08aee80;
 .timescale 0 0;
    .scope S_00000265d08e6bd0;
T_0 ;
    %wait E_00000265d0911420;
    %load/vec4 v00000265d0918af0_0;
    %dup/vec4;
    %pushi/vec4 0, 0, 6;
    %cmp/u;
    %jmp/1 T_0.0, 6;
    %dup/vec4;
    %pushi/vec4 1, 0, 6;
    %cmp/u;
    %jmp/1 T_0.1, 6;
    %dup/vec4;
    %pushi/vec4 2, 0, 6;
    %cmp/u;
    %jmp/1 T_0.2, 6;
    %dup/vec4;
    %pushi/vec4 3, 0, 6;
    %cmp/u;
    %jmp/1 T_0.3, 6;
    %dup/vec4;
    %pushi/vec4 4, 0, 6;
    %cmp/u;
    %jmp/1 T_0.4, 6;
    %dup/vec4;
    %pushi/vec4 5, 0, 6;
    %cmp/u;
    %jmp/1 T_0.5, 6;
    %dup/vec4;
    %pushi/vec4 6, 0, 6;
    %cmp/u;
    %jmp/1 T_0.6, 6;
    %dup/vec4;
    %pushi/vec4 7, 0, 6;
    %cmp/u;
    %jmp/1 T_0.7, 6;
    %dup/vec4;
    %pushi/vec4 8, 0, 6;
    %cmp/u;
    %jmp/1 T_0.8, 6;
    %dup/vec4;
    %pushi/vec4 9, 0, 6;
    %cmp/u;
    %jmp/1 T_0.9, 6;
    %dup/vec4;
    %pushi/vec4 10, 0, 6;
    %cmp/u;
    %jmp/1 T_0.10, 6;
    %dup/vec4;
    %pushi/vec4 11, 0, 6;
    %cmp/u;
    %jmp/1 T_0.11, 6;
    %dup/vec4;
    %pushi/vec4 12, 0, 6;
    %cmp/u;
    %jmp/1 T_0.12, 6;
    %dup/vec4;
    %pushi/vec4 13, 0, 6;
    %cmp/u;
    %jmp/1 T_0.13, 6;
    %dup/vec4;
    %pushi/vec4 14, 0, 6;
    %cmp/u;
    %jmp/1 T_0.14, 6;
    %dup/vec4;
    %pushi/vec4 15, 0, 6;
    %cmp/u;
    %jmp/1 T_0.15, 6;
    %dup/vec4;
    %pushi/vec4 16, 0, 6;
    %cmp/u;
    %jmp/1 T_0.16, 6;
    %dup/vec4;
    %pushi/vec4 17, 0, 6;
    %cmp/u;
    %jmp/1 T_0.17, 6;
    %dup/vec4;
    %pushi/vec4 18, 0, 6;
    %cmp/u;
    %jmp/1 T_0.18, 6;
    %dup/vec4;
    %pushi/vec4 19, 0, 6;
    %cmp/u;
    %jmp/1 T_0.19, 6;
    %dup/vec4;
    %pushi/vec4 20, 0, 6;
    %cmp/u;
    %jmp/1 T_0.20, 6;
    %dup/vec4;
    %pushi/vec4 21, 0, 6;
    %cmp/u;
    %jmp/1 T_0.21, 6;
    %dup/vec4;
    %pushi/vec4 22, 0, 6;
    %cmp/u;
    %jmp/1 T_0.22, 6;
    %dup/vec4;
    %pushi/vec4 23, 0, 6;
    %cmp/u;
    %jmp/1 T_0.23, 6;
    %dup/vec4;
    %pushi/vec4 24, 0, 6;
    %cmp/u;
    %jmp/1 T_0.24, 6;
    %dup/vec4;
    %pushi/vec4 25, 0, 6;
    %cmp/u;
    %jmp/1 T_0.25, 6;
    %dup/vec4;
    %pushi/vec4 26, 0, 6;
    %cmp/u;
    %jmp/1 T_0.26, 6;
    %dup/vec4;
    %pushi/vec4 27, 0, 6;
    %cmp/u;
    %jmp/1 T_0.27, 6;
    %dup/vec4;
    %pushi/vec4 28, 0, 6;
    %cmp/u;
    %jmp/1 T_0.28, 6;
    %dup/vec4;
    %pushi/vec4 29, 0, 6;
    %cmp/u;
    %jmp/1 T_0.29, 6;
    %dup/vec4;
    %pushi/vec4 30, 0, 6;
    %cmp/u;
    %jmp/1 T_0.30, 6;
    %dup/vec4;
    %pushi/vec4 31, 0, 6;
    %cmp/u;
    %jmp/1 T_0.31, 6;
    %dup/vec4;
    %pushi/vec4 32, 0, 6;
    %cmp/u;
    %jmp/1 T_0.32, 6;
    %dup/vec4;
    %pushi/vec4 33, 0, 6;
    %cmp/u;
    %jmp/1 T_0.33, 6;
    %dup/vec4;
    %pushi/vec4 34, 0, 6;
    %cmp/u;
    %jmp/1 T_0.34, 6;
    %dup/vec4;
    %pushi/vec4 35, 0, 6;
    %cmp/u;
    %jmp/1 T_0.35, 6;
    %dup/vec4;
    %pushi/vec4 36, 0, 6;
    %cmp/u;
    %jmp/1 T_0.36, 6;
    %dup/vec4;
    %pushi/vec4 37, 0, 6;
    %cmp/u;
    %jmp/1 T_0.37, 6;
    %dup/vec4;
    %pushi/vec4 38, 0, 6;
    %cmp/u;
    %jmp/1 T_0.38, 6;
    %dup/vec4;
    %pushi/vec4 39, 0, 6;
    %cmp/u;
    %jmp/1 T_0.39, 6;
    %dup/vec4;
    %pushi/vec4 40, 0, 6;
    %cmp/u;
    %jmp/1 T_0.40, 6;
    %dup/vec4;
    %pushi/vec4 41, 0, 6;
    %cmp/u;
    %jmp/1 T_0.41, 6;
    %dup/vec4;
    %pushi/vec4 42, 0, 6;
    %cmp/u;
    %jmp/1 T_0.42, 6;
    %dup/vec4;
    %pushi/vec4 43, 0, 6;
    %cmp/u;
    %jmp/1 T_0.43, 6;
    %dup/vec4;
    %pushi/vec4 44, 0, 6;
    %cmp/u;
    %jmp/1 T_0.44, 6;
    %dup/vec4;
    %pushi/vec4 45, 0, 6;
    %cmp/u;
    %jmp/1 T_0.45, 6;
    %dup/vec4;
    %pushi/vec4 46, 0, 6;
    %cmp/u;
    %jmp/1 T_0.46, 6;
    %dup/vec4;
    %pushi/vec4 47, 0, 6;
    %cmp/u;
    %jmp/1 T_0.47, 6;
    %dup/vec4;
    %pushi/vec4 48, 0, 6;
    %cmp/u;
    %jmp/1 T_0.48, 6;
    %dup/vec4;
    %pushi/vec4 49, 0, 6;
    %cmp/u;
    %jmp/1 T_0.49, 6;
    %dup/vec4;
    %pushi/vec4 50, 0, 6;
    %cmp/u;
    %jmp/1 T_0.50, 6;
    %dup/vec4;
    %pushi/vec4 51, 0, 6;
    %cmp/u;
    %jmp/1 T_0.51, 6;
    %dup/vec4;
    %pushi/vec4 52, 0, 6;
    %cmp/u;
    %jmp/1 T_0.52, 6;
    %dup/vec4;
    %pushi/vec4 53, 0, 6;
    %cmp/u;
    %jmp/1 T_0.53, 6;
    %dup/vec4;
    %pushi/vec4 54, 0, 6;
    %cmp/u;
    %jmp/1 T_0.54, 6;
    %dup/vec4;
    %pushi/vec4 55, 0, 6;
    %cmp/u;
    %jmp/1 T_0.55, 6;
    %dup/vec4;
    %pushi/vec4 56, 0, 6;
    %cmp/u;
    %jmp/1 T_0.56, 6;
    %dup/vec4;
    %pushi/vec4 57, 0, 6;
    %cmp/u;
    %jmp/1 T_0.57, 6;
    %dup/vec4;
    %pushi/vec4 58, 0, 6;
    %cmp/u;
    %jmp/1 T_0.58, 6;
    %dup/vec4;
    %pushi/vec4 59, 0, 6;
    %cmp/u;
    %jmp/1 T_0.59, 6;
    %dup/vec4;
    %pushi/vec4 60, 0, 6;
    %cmp/u;
    %jmp/1 T_0.60, 6;
    %dup/vec4;
    %pushi/vec4 61, 0, 6;
    %cmp/u;
    %jmp/1 T_0.61, 6;
    %dup/vec4;
    %pushi/vec4 62, 0, 6;
    %cmp/u;
    %jmp/1 T_0.62, 6;
    %dup/vec4;
    %pushi/vec4 63, 0, 6;
    %cmp/u;
    %jmp/1 T_0.63, 6;
    %jmp T_0.64;
T_0.0 ;
    %pushi/vec4 537001989, 0, 32;
    %store/vec4 v00000265d0918eb0_0, 0, 32;
    %jmp T_0.64;
T_0.1 ;
    %pushi/vec4 537329667, 0, 32;
    %store/vec4 v00000265d0918eb0_0, 0, 32;
    %jmp T_0.64;
T_0.2 ;
    %pushi/vec4 537067532, 0, 32;
    %store/vec4 v00000265d0918eb0_0, 0, 32;
    %jmp T_0.64;
T_0.3 ;
    %pushi/vec4 14819365, 0, 32;
    %store/vec4 v00000265d0918eb0_0, 0, 32;
    %jmp T_0.64;
T_0.4 ;
    %pushi/vec4 6563876, 0, 32;
    %store/vec4 v00000265d0918eb0_0, 0, 32;
    %jmp T_0.64;
T_0.5 ;
    %pushi/vec4 10758176, 0, 32;
    %store/vec4 v00000265d0918eb0_0, 0, 32;
    %jmp T_0.64;
T_0.6 ;
    %pushi/vec4 279379976, 0, 32;
    %store/vec4 v00000265d0918eb0_0, 0, 32;
    %jmp T_0.64;
T_0.7 ;
    %pushi/vec4 6565930, 0, 32;
    %store/vec4 v00000265d0918eb0_0, 0, 32;
    %jmp T_0.64;
T_0.8 ;
    %pushi/vec4 281018369, 0, 32;
    %store/vec4 v00000265d0918eb0_0, 0, 32;
    %jmp T_0.64;
T_0.9 ;
    %pushi/vec4 537198602, 0, 32;
    %store/vec4 v00000265d0918eb0_0, 0, 32;
    %jmp T_0.64;
T_0.10 ;
    %pushi/vec4 14823466, 0, 32;
    %store/vec4 v00000265d0918eb0_0, 0, 32;
    %jmp T_0.64;
T_0.11 ;
    %pushi/vec4 12924960, 0, 32;
    %store/vec4 v00000265d0918eb0_0, 0, 32;
    %jmp T_0.64;
T_0.12 ;
    %pushi/vec4 14825506, 0, 32;
    %store/vec4 v00000265d0918eb0_0, 0, 32;
    %jmp T_0.64;
T_0.13 ;
    %pushi/vec4 134217743, 0, 32;
    %store/vec4 v00000265d0918eb0_0, 0, 32;
    %jmp T_0.64;
T_0.14 ;
    %pushi/vec4 2349268992, 0, 32;
    %store/vec4 v00000265d0918eb0_0, 0, 32;
    %jmp T_0.64;
T_0.15 ;
    %pushi/vec4 2890334279, 0, 32;
    %store/vec4 v00000265d0918eb0_0, 0, 32;
    %jmp T_0.64;
T_0.16 ;
    %pushi/vec4 0, 0, 32;
    %store/vec4 v00000265d0918eb0_0, 0, 32;
    %jmp T_0.64;
T_0.17 ;
    %pushi/vec4 0, 0, 32;
    %store/vec4 v00000265d0918eb0_0, 0, 32;
    %jmp T_0.64;
T_0.18 ;
    %pushi/vec4 0, 0, 32;
    %store/vec4 v00000265d0918eb0_0, 0, 32;
    %jmp T_0.64;
T_0.19 ;
    %pushi/vec4 0, 0, 32;
    %store/vec4 v00000265d0918eb0_0, 0, 32;
    %jmp T_0.64;
T_0.20 ;
    %pushi/vec4 0, 0, 32;
    %store/vec4 v00000265d0918eb0_0, 0, 32;
    %jmp T_0.64;
T_0.21 ;
    %pushi/vec4 0, 0, 32;
    %store/vec4 v00000265d0918eb0_0, 0, 32;
    %jmp T_0.64;
T_0.22 ;
    %pushi/vec4 0, 0, 32;
    %store/vec4 v00000265d0918eb0_0, 0, 32;
    %jmp T_0.64;
T_0.23 ;
    %pushi/vec4 0, 0, 32;
    %store/vec4 v00000265d0918eb0_0, 0, 32;
    %jmp T_0.64;
T_0.24 ;
    %pushi/vec4 0, 0, 32;
    %store/vec4 v00000265d0918eb0_0, 0, 32;
    %jmp T_0.64;
T_0.25 ;
    %pushi/vec4 0, 0, 32;
    %store/vec4 v00000265d0918eb0_0, 0, 32;
    %jmp T_0.64;
T_0.26 ;
    %pushi/vec4 0, 0, 32;
    %store/vec4 v00000265d0918eb0_0, 0, 32;
    %jmp T_0.64;
T_0.27 ;
    %pushi/vec4 0, 0, 32;
    %store/vec4 v00000265d0918eb0_0, 0, 32;
    %jmp T_0.64;
T_0.28 ;
    %pushi/vec4 0, 0, 32;
    %store/vec4 v00000265d0918eb0_0, 0, 32;
    %jmp T_0.64;
T_0.29 ;
    %pushi/vec4 0, 0, 32;
    %store/vec4 v00000265d0918eb0_0, 0, 32;
    %jmp T_0.64;
T_0.30 ;
    %pushi/vec4 0, 0, 32;
    %store/vec4 v00000265d0918eb0_0, 0, 32;
    %jmp T_0.64;
T_0.31 ;
    %pushi/vec4 0, 0, 32;
    %store/vec4 v00000265d0918eb0_0, 0, 32;
    %jmp T_0.64;
T_0.32 ;
    %pushi/vec4 0, 0, 32;
    %store/vec4 v00000265d0918eb0_0, 0, 32;
    %jmp T_0.64;
T_0.33 ;
    %pushi/vec4 0, 0, 32;
    %store/vec4 v00000265d0918eb0_0, 0, 32;
    %jmp T_0.64;
T_0.34 ;
    %pushi/vec4 0, 0, 32;
    %store/vec4 v00000265d0918eb0_0, 0, 32;
    %jmp T_0.64;
T_0.35 ;
    %pushi/vec4 0, 0, 32;
    %store/vec4 v00000265d0918eb0_0, 0, 32;
    %jmp T_0.64;
T_0.36 ;
    %pushi/vec4 0, 0, 32;
    %store/vec4 v00000265d0918eb0_0, 0, 32;
    %jmp T_0.64;
T_0.37 ;
    %pushi/vec4 0, 0, 32;
    %store/vec4 v00000265d0918eb0_0, 0, 32;
    %jmp T_0.64;
T_0.38 ;
    %pushi/vec4 0, 0, 32;
    %store/vec4 v00000265d0918eb0_0, 0, 32;
    %jmp T_0.64;
T_0.39 ;
    %pushi/vec4 0, 0, 32;
    %store/vec4 v00000265d0918eb0_0, 0, 32;
    %jmp T_0.64;
T_0.40 ;
    %pushi/vec4 0, 0, 32;
    %store/vec4 v00000265d0918eb0_0, 0, 32;
    %jmp T_0.64;
T_0.41 ;
    %pushi/vec4 0, 0, 32;
    %store/vec4 v00000265d0918eb0_0, 0, 32;
    %jmp T_0.64;
T_0.42 ;
    %pushi/vec4 0, 0, 32;
    %store/vec4 v00000265d0918eb0_0, 0, 32;
    %jmp T_0.64;
T_0.43 ;
    %pushi/vec4 0, 0, 32;
    %store/vec4 v00000265d0918eb0_0, 0, 32;
    %jmp T_0.64;
T_0.44 ;
    %pushi/vec4 0, 0, 32;
    %store/vec4 v00000265d0918eb0_0, 0, 32;
    %jmp T_0.64;
T_0.45 ;
    %pushi/vec4 0, 0, 32;
    %store/vec4 v00000265d0918eb0_0, 0, 32;
    %jmp T_0.64;
T_0.46 ;
    %pushi/vec4 0, 0, 32;
    %store/vec4 v00000265d0918eb0_0, 0, 32;
    %jmp T_0.64;
T_0.47 ;
    %pushi/vec4 0, 0, 32;
    %store/vec4 v00000265d0918eb0_0, 0, 32;
    %jmp T_0.64;
T_0.48 ;
    %pushi/vec4 0, 0, 32;
    %store/vec4 v00000265d0918eb0_0, 0, 32;
    %jmp T_0.64;
T_0.49 ;
    %pushi/vec4 0, 0, 32;
    %store/vec4 v00000265d0918eb0_0, 0, 32;
    %jmp T_0.64;
T_0.50 ;
    %pushi/vec4 0, 0, 32;
    %store/vec4 v00000265d0918eb0_0, 0, 32;
    %jmp T_0.64;
T_0.51 ;
    %pushi/vec4 0, 0, 32;
    %store/vec4 v00000265d0918eb0_0, 0, 32;
    %jmp T_0.64;
T_0.52 ;
    %pushi/vec4 0, 0, 32;
    %store/vec4 v00000265d0918eb0_0, 0, 32;
    %jmp T_0.64;
T_0.53 ;
    %pushi/vec4 0, 0, 32;
    %store/vec4 v00000265d0918eb0_0, 0, 32;
    %jmp T_0.64;
T_0.54 ;
    %pushi/vec4 0, 0, 32;
    %store/vec4 v00000265d0918eb0_0, 0, 32;
    %jmp T_0.64;
T_0.55 ;
    %pushi/vec4 0, 0, 32;
    %store/vec4 v00000265d0918eb0_0, 0, 32;
    %jmp T_0.64;
T_0.56 ;
    %pushi/vec4 0, 0, 32;
    %store/vec4 v00000265d0918eb0_0, 0, 32;
    %jmp T_0.64;
T_0.57 ;
    %pushi/vec4 0, 0, 32;
    %store/vec4 v00000265d0918eb0_0, 0, 32;
    %jmp T_0.64;
T_0.58 ;
    %pushi/vec4 0, 0, 32;
    %store/vec4 v00000265d0918eb0_0, 0, 32;
    %jmp T_0.64;
T_0.59 ;
    %pushi/vec4 0, 0, 32;
    %store/vec4 v00000265d0918eb0_0, 0, 32;
    %jmp T_0.64;
T_0.60 ;
    %pushi/vec4 0, 0, 32;
    %store/vec4 v00000265d0918eb0_0, 0, 32;
    %jmp T_0.64;
T_0.61 ;
    %pushi/vec4 0, 0, 32;
    %store/vec4 v00000265d0918eb0_0, 0, 32;
    %jmp T_0.64;
T_0.62 ;
    %pushi/vec4 0, 0, 32;
    %store/vec4 v00000265d0918eb0_0, 0, 32;
    %jmp T_0.64;
T_0.63 ;
    %pushi/vec4 0, 0, 32;
    %store/vec4 v00000265d0918eb0_0, 0, 32;
    %jmp T_0.64;
T_0.64 ;
    %pop/vec4 1;
    %jmp T_0;
    .thread T_0, $push;
    .scope S_00000265d08dc1a0;
T_1 ;
    %wait E_00000265d0911fa0;
    %load/vec4 v00000265d09185f0_0;
    %parti/s 6, 26, 6;
    %load/vec4 v00000265d09185f0_0;
    %parti/s 6, 0, 2;
    %concat/vec4; draw_concat_vec4
    %dup/vec4;
    %pushi/vec4 319, 63, 12;
    %cmp/x;
    %jmp/1 T_1.0, 4;
    %dup/vec4;
    %pushi/vec4 703, 63, 12;
    %cmp/x;
    %jmp/1 T_1.1, 4;
    %dup/vec4;
    %pushi/vec4 575, 63, 12;
    %cmp/x;
    %jmp/1 T_1.2, 4;
    %dup/vec4;
    %pushi/vec4 4064, 4032, 12;
    %cmp/x;
    %jmp/1 T_1.3, 4;
    %dup/vec4;
    %pushi/vec4 4066, 4032, 12;
    %cmp/x;
    %jmp/1 T_1.4, 4;
    %dup/vec4;
    %pushi/vec4 4068, 4032, 12;
    %cmp/x;
    %jmp/1 T_1.5, 4;
    %dup/vec4;
    %pushi/vec4 4069, 4032, 12;
    %cmp/x;
    %jmp/1 T_1.6, 4;
    %dup/vec4;
    %pushi/vec4 4074, 4032, 12;
    %cmp/x;
    %jmp/1 T_1.7, 4;
    %pushi/vec4 2, 0, 3;
    %store/vec4 v00000265d0918c30_0, 0, 3;
    %jmp T_1.9;
T_1.0 ;
    %pushi/vec4 6, 0, 3;
    %store/vec4 v00000265d0918c30_0, 0, 3;
    %jmp T_1.9;
T_1.1 ;
    %pushi/vec4 7, 0, 3;
    %store/vec4 v00000265d0918c30_0, 0, 3;
    %jmp T_1.9;
T_1.2 ;
    %pushi/vec4 2, 0, 3;
    %store/vec4 v00000265d0918c30_0, 0, 3;
    %jmp T_1.9;
T_1.3 ;
    %pushi/vec4 2, 0, 3;
    %store/vec4 v00000265d0918c30_0, 0, 3;
    %jmp T_1.9;
T_1.4 ;
    %pushi/vec4 6, 0, 3;
    %store/vec4 v00000265d0918c30_0, 0, 3;
    %jmp T_1.9;
T_1.5 ;
    %pushi/vec4 0, 0, 3;
    %store/vec4 v00000265d0918c30_0, 0, 3;
    %jmp T_1.9;
T_1.6 ;
    %pushi/vec4 1, 0, 3;
    %store/vec4 v00000265d0918c30_0, 0, 3;
    %jmp T_1.9;
T_1.7 ;
    %pushi/vec4 7, 0, 3;
    %store/vec4 v00000265d0918c30_0, 0, 3;
    %jmp T_1.9;
T_1.9 ;
    %pop/vec4 1;
    %jmp T_1;
    .thread T_1, $push;
    .scope S_00000265d08be000;
T_2 ;
    %wait E_00000265d0911260;
    %load/vec4 v00000265d097f1e0_0;
    %pad/u 32;
    %cmpi/e 0, 0, 32;
    %jmp/0xz  T_2.0, 4;
    %pushi/vec4 0, 0, 32;
    %store/vec4 v00000265d097f460_0, 0, 32;
    %jmp T_2.1;
T_2.0 ;
    %load/vec4 v00000265d097f1e0_0;
    %pad/u 7;
    %ix/vec4 4;
    %load/vec4a v00000265d097e560, 4;
    %store/vec4 v00000265d097f460_0, 0, 32;
T_2.1 ;
    %jmp T_2;
    .thread T_2, $push;
    .scope S_00000265d08be000;
T_3 ;
    %wait E_00000265d0911220;
    %load/vec4 v00000265d097ef60_0;
    %pad/u 32;
    %cmpi/e 0, 0, 32;
    %jmp/0xz  T_3.0, 4;
    %pushi/vec4 0, 0, 32;
    %store/vec4 v00000265d097ec40_0, 0, 32;
    %jmp T_3.1;
T_3.0 ;
    %load/vec4 v00000265d097ef60_0;
    %pad/u 7;
    %ix/vec4 4;
    %load/vec4a v00000265d097e560, 4;
    %store/vec4 v00000265d097ec40_0, 0, 32;
T_3.1 ;
    %jmp T_3;
    .thread T_3, $push;
    .scope S_00000265d08be000;
T_4 ;
    %wait E_00000265d0911ee0;
    %load/vec4 v00000265d097e7e0_0;
    %cmpi/e 1, 0, 1;
    %jmp/0xz  T_4.0, 4;
    %load/vec4 v00000265d09810b0_0;
    %load/vec4 v00000265d097f3c0_0;
    %pad/u 7;
    %ix/vec4 4;
    %store/vec4a v00000265d097e560, 4, 0;
T_4.0 ;
    %jmp T_4;
    .thread T_4;
    .scope S_00000265d08aee80;
T_5 ;
    %wait E_00000265d0912ce0;
    %fork t_1, S_00000265d08af010;
    %jmp t_0;
    .scope S_00000265d08af010;
t_1 ;
    %load/vec4 v00000265d0981150_0;
    %parti/s 1, 15, 5;
    %replicate 16;
    %load/vec4 v00000265d0981150_0;
    %concat/vec4; draw_concat_vec4
    %store/vec4 v00000265d09816f0_0, 0, 32;
    %end;
    .scope S_00000265d08aee80;
t_0 %join;
    %jmp T_5;
    .thread T_5, $push;
    .scope S_00000265d08d97e0;
T_6 ;
    %wait E_00000265d0911ee0;
    %fork t_3, S_00000265d08bde70;
    %jmp t_2;
    .scope S_00000265d08bde70;
t_3 ;
    %load/vec4 v00000265d09802f0_0;
    %inv;
    %flag_set/vec4 8;
    %jmp/0xz  T_6.0, 8;
    %load/vec4 v00000265d0981b50_0;
    %store/vec4 v00000265d0980430_0, 0, 32;
    %jmp T_6.1;
T_6.0 ;
    %pushi/vec4 0, 0, 32;
    %store/vec4 v00000265d0980430_0, 0, 32;
T_6.1 ;
    %end;
    .scope S_00000265d08d97e0;
t_2 %join;
    %jmp T_6;
    .thread T_6;
    .scope S_00000265d08e6a40;
T_7 ;
    %wait E_00000265d0911ee0;
    %load/vec4 v00000265d0918e10_0;
    %cmpi/e 1, 0, 1;
    %jmp/0xz  T_7.0, 4;
    %load/vec4 v00000265d0917ab0_0;
    %ix/getv 4, v00000265d0919090_0;
    %store/vec4a v00000265d0919270, 4, 0;
T_7.0 ;
    %jmp T_7;
    .thread T_7;
    .scope S_00000265d08eb070;
T_8 ;
    %delay 500, 0;
    %load/vec4 v00000265d0983f20_0;
    %inv;
    %store/vec4 v00000265d0983f20_0, 0, 1;
    %jmp T_8;
    .thread T_8;
    .scope S_00000265d08eb070;
T_9 ;
    %vpi_call 2 22 "$dumpfile", "dump.vcd" {0 0 0};
    %vpi_call 2 23 "$dumpvars", 32'sb00000000000000000000000000000000, S_00000265d08eb200 {0 0 0};
    %end;
    .thread T_9;
    .scope S_00000265d08eb070;
T_10 ;
    %pushi/vec4 0, 0, 1;
    %store/vec4 v00000265d0983f20_0, 0, 1;
    %pushi/vec4 1, 0, 1;
    %store/vec4 v00000265d09832a0_0, 0, 1;
    %wait E_00000265d0911620;
    %pushi/vec4 0, 0, 1;
    %store/vec4 v00000265d09832a0_0, 0, 1;
    %delay 100000, 0;
    %vpi_call 2 32 "$finish" {0 0 0};
    %end;
    .thread T_10;
# The file index is used to find the file name in the following table.
:file_names 14;
    "N/A";
    "<interactive>";
    "tb.v";
    "top.v";
    "dmem.v";
    "imem.v";
    "mips.v";
    "controller.v";
    "aludec.v";
    "maindec.v";
    "datapath.v";
    "alu.v";
    "regfile.v";
    "sign_extend.v";
